<?xml version="1.0" encoding="UTF-8"?>
<testng-results skipped="0" failed="2" ignored="0" total="8" passed="6">
  <reporter-output>
  </reporter-output>
  <suite name="Suite" duration-ms="186712" started-at="2023-06-29T23:48:47 IST" finished-at="2023-06-29T23:51:54 IST">
    <groups>
    </groups>
    <test name="Test" duration-ms="186712" started-at="2023-06-29T23:48:47 IST" finished-at="2023-06-29T23:51:54 IST">
      <class name="Com.Ecommerce.TestCases.TC_LoginTestcase">
        <test-method status="PASS" signature="initialization(java.lang.String)[pri:0, instance:Com.Ecommerce.TestCases.TC_LoginTestcase@3a079870]" name="initialization" is-config="true" duration-ms="7417" started-at="2023-06-29T23:49:49 IST" finished-at="2023-06-29T23:49:56 IST">
          <params>
            <param index="0">
              <value>
                <![CDATA[Chrome]]>
              </value>
            </param>
          </params>
          <reporter-output>
          </reporter-output>
        </test-method> <!-- initialization -->
        <test-method status="PASS" signature="LoginTestCase()[pri:0, instance:Com.Ecommerce.TestCases.TC_LoginTestcase@3a079870]" name="LoginTestCase" duration-ms="14723" started-at="2023-06-29T23:49:56 IST" finished-at="2023-06-29T23:50:11 IST">
          <reporter-output>
          </reporter-output>
        </test-method> <!-- LoginTestCase -->
        <test-method status="PASS" signature="TearDown()[pri:0, instance:Com.Ecommerce.TestCases.TC_LoginTestcase@3a079870]" name="TearDown" is-config="true" duration-ms="109" started-at="2023-06-29T23:50:11 IST" finished-at="2023-06-29T23:50:11 IST">
          <reporter-output>
          </reporter-output>
        </test-method> <!-- TearDown -->
      </class> <!-- Com.Ecommerce.TestCases.TC_LoginTestcase -->
      <class name="Com.Ecommerce.TestCases.TC_LoginDataTestCase">
        <test-method status="PASS" signature="initialization(java.lang.String)[pri:0, instance:Com.Ecommerce.TestCases.TC_LoginDataTestCase@3b2cf7ab]" name="initialization" is-config="true" duration-ms="8278" started-at="2023-06-29T23:50:12 IST" finished-at="2023-06-29T23:50:20 IST">
          <params>
            <param index="0">
              <value>
                <![CDATA[Chrome]]>
              </value>
            </param>
          </params>
          <reporter-output>
          </reporter-output>
        </test-method> <!-- initialization -->
        <test-method status="FAIL" signature="LoginData(java.lang.String,java.lang.String,java.lang.String)[pri:0, instance:Com.Ecommerce.TestCases.TC_LoginDataTestCase@3b2cf7ab]" name="LoginData" duration-ms="12165" started-at="2023-06-29T23:50:20 IST" data-provider="LoginData" finished-at="2023-06-29T23:50:33 IST">
          <params>
            <param index="0">
              <value>
                <![CDATA[D@gmail.com]]>
              </value>
            </param>
            <param index="1">
              <value>
                <![CDATA[SSSSSS]]>
              </value>
            </param>
            <param index="2">
              <value>
                <![CDATA[Valid]]>
              </value>
            </param>
          </params>
          <exception class="java.lang.AssertionError">
            <message>
              <![CDATA[expected [true] but found [false]]]>
            </message>
            <full-stacktrace>
              <![CDATA[java.lang.AssertionError: expected [true] but found [false]
at org.testng.Assert.fail(Assert.java:99)
at org.testng.Assert.failNotEquals(Assert.java:1037)
at org.testng.Assert.assertTrue(Assert.java:45)
at org.testng.Assert.assertTrue(Assert.java:55)
at Com.Ecommerce.TestCases.TC_LoginDataTestCase.LoginData(TC_LoginDataTestCase.java:40)
at sun.reflect.NativeMethodAccessorImpl.invoke0(Native Method)
at sun.reflect.NativeMethodAccessorImpl.invoke(NativeMethodAccessorImpl.java:62)
at sun.reflect.DelegatingMethodAccessorImpl.invoke(DelegatingMethodAccessorImpl.java:43)
at java.lang.reflect.Method.invoke(Method.java:498)
at org.testng.internal.MethodInvocationHelper.invokeMethod(MethodInvocationHelper.java:133)
at org.testng.internal.TestInvoker.invokeMethod(TestInvoker.java:598)
at org.testng.internal.TestInvoker.invokeTestMethod(TestInvoker.java:173)
at org.testng.internal.MethodRunner.runInSequence(MethodRunner.java:46)
at org.testng.internal.TestInvoker$MethodInvocationAgent.invoke(TestInvoker.java:824)
at org.testng.internal.TestInvoker.invokeTestMethods(TestInvoker.java:146)
at org.testng.internal.TestMethodWorker.invokeTestMethods(TestMethodWorker.java:146)
at org.testng.internal.TestMethodWorker.run(TestMethodWorker.java:128)
at java.util.ArrayList.forEach(ArrayList.java:1259)
at org.testng.TestRunner.privateRun(TestRunner.java:794)
at org.testng.TestRunner.run(TestRunner.java:596)
at org.testng.SuiteRunner.runTest(SuiteRunner.java:377)
at org.testng.SuiteRunner.runSequentially(SuiteRunner.java:371)
at org.testng.SuiteRunner.privateRun(SuiteRunner.java:332)
at org.testng.SuiteRunner.run(SuiteRunner.java:276)
at org.testng.SuiteRunnerWorker.runSuite(SuiteRunnerWorker.java:53)
at org.testng.SuiteRunnerWorker.run(SuiteRunnerWorker.java:96)
at org.testng.TestNG.runSuitesSequentially(TestNG.java:1212)
at org.testng.TestNG.runSuitesLocally(TestNG.java:1134)
at org.testng.TestNG.runSuites(TestNG.java:1063)
at org.testng.TestNG.run(TestNG.java:1031)
at org.testng.remote.AbstractRemoteTestNG.run(AbstractRemoteTestNG.java:115)
at org.testng.remote.RemoteTestNG.initAndRun(RemoteTestNG.java:251)
at org.testng.remote.RemoteTestNG.main(RemoteTestNG.java:77)
]]>
            </full-stacktrace>
          </exception> <!-- java.lang.AssertionError -->
          <reporter-output>
          </reporter-output>
        </test-method> <!-- LoginData -->
        <test-method status="PASS" signature="TearDown()[pri:0, instance:Com.Ecommerce.TestCases.TC_LoginDataTestCase@3b2cf7ab]" name="TearDown" is-config="true" duration-ms="111" started-at="2023-06-29T23:50:33 IST" finished-at="2023-06-29T23:50:33 IST">
          <reporter-output>
          </reporter-output>
        </test-method> <!-- TearDown -->
        <test-method status="PASS" signature="initialization(java.lang.String)[pri:0, instance:Com.Ecommerce.TestCases.TC_LoginDataTestCase@3b2cf7ab]" name="initialization" is-config="true" duration-ms="8706" started-at="2023-06-29T23:50:33 IST" finished-at="2023-06-29T23:50:42 IST">
          <params>
            <param index="0">
              <value>
                <![CDATA[Chrome]]>
              </value>
            </param>
          </params>
          <reporter-output>
          </reporter-output>
        </test-method> <!-- initialization -->
        <test-method status="PASS" signature="LoginData(java.lang.String,java.lang.String,java.lang.String)[pri:0, instance:Com.Ecommerce.TestCases.TC_LoginDataTestCase@3b2cf7ab]" name="LoginData" duration-ms="12152" started-at="2023-06-29T23:50:42 IST" data-provider="LoginData" finished-at="2023-06-29T23:50:54 IST">
          <params>
            <param index="0">
              <value>
                <![CDATA[D@gmail.com]]>
              </value>
            </param>
            <param index="1">
              <value>
                <![CDATA[SSSSS]]>
              </value>
            </param>
            <param index="2">
              <value>
                <![CDATA[Invalid]]>
              </value>
            </param>
          </params>
          <reporter-output>
          </reporter-output>
        </test-method> <!-- LoginData -->
        <test-method status="PASS" signature="TearDown()[pri:0, instance:Com.Ecommerce.TestCases.TC_LoginDataTestCase@3b2cf7ab]" name="TearDown" is-config="true" duration-ms="112" started-at="2023-06-29T23:50:54 IST" finished-at="2023-06-29T23:50:54 IST">
          <reporter-output>
          </reporter-output>
        </test-method> <!-- TearDown -->
        <test-method status="PASS" signature="initialization(java.lang.String)[pri:0, instance:Com.Ecommerce.TestCases.TC_LoginDataTestCase@3b2cf7ab]" name="initialization" is-config="true" duration-ms="8364" started-at="2023-06-29T23:50:54 IST" finished-at="2023-06-29T23:51:02 IST">
          <params>
            <param index="0">
              <value>
                <![CDATA[Chrome]]>
              </value>
            </param>
          </params>
          <reporter-output>
          </reporter-output>
        </test-method> <!-- initialization -->
        <test-method status="PASS" signature="LoginData(java.lang.String,java.lang.String,java.lang.String)[pri:0, instance:Com.Ecommerce.TestCases.TC_LoginDataTestCase@3b2cf7ab]" name="LoginData" duration-ms="12095" started-at="2023-06-29T23:51:02 IST" data-provider="LoginData" finished-at="2023-06-29T23:51:14 IST">
          <params>
            <param index="0">
              <value>
                <![CDATA[DSS@gmail.com]]>
              </value>
            </param>
            <param index="1">
              <value>
                <![CDATA[SSSSSS]]>
              </value>
            </param>
            <param index="2">
              <value>
                <![CDATA[Invalid]]>
              </value>
            </param>
          </params>
          <reporter-output>
          </reporter-output>
        </test-method> <!-- LoginData -->
        <test-method status="PASS" signature="TearDown()[pri:0, instance:Com.Ecommerce.TestCases.TC_LoginDataTestCase@3b2cf7ab]" name="TearDown" is-config="true" duration-ms="108" started-at="2023-06-29T23:51:14 IST" finished-at="2023-06-29T23:51:14 IST">
          <reporter-output>
          </reporter-output>
        </test-method> <!-- TearDown -->
        <test-method status="PASS" signature="initialization(java.lang.String)[pri:0, instance:Com.Ecommerce.TestCases.TC_LoginDataTestCase@3b2cf7ab]" name="initialization" is-config="true" duration-ms="7555" started-at="2023-06-29T23:51:14 IST" finished-at="2023-06-29T23:51:22 IST">
          <params>
            <param index="0">
              <value>
                <![CDATA[Chrome]]>
              </value>
            </param>
          </params>
          <reporter-output>
          </reporter-output>
        </test-method> <!-- initialization -->
        <test-method status="PASS" signature="LoginData(java.lang.String,java.lang.String,java.lang.String)[pri:0, instance:Com.Ecommerce.TestCases.TC_LoginDataTestCase@3b2cf7ab]" name="LoginData" duration-ms="11189" started-at="2023-06-29T23:51:22 IST" data-provider="LoginData" finished-at="2023-06-29T23:51:33 IST">
          <params>
            <param index="0">
              <value>
                <![CDATA[DA@gmail.com]]>
              </value>
            </param>
            <param index="1">
              <value>
                <![CDATA[SSSSSSs]]>
              </value>
            </param>
            <param index="2">
              <value>
                <![CDATA[Invalid]]>
              </value>
            </param>
          </params>
          <reporter-output>
          </reporter-output>
        </test-method> <!-- LoginData -->
        <test-method status="PASS" signature="TearDown()[pri:0, instance:Com.Ecommerce.TestCases.TC_LoginDataTestCase@3b2cf7ab]" name="TearDown" is-config="true" duration-ms="112" started-at="2023-06-29T23:51:33 IST" finished-at="2023-06-29T23:51:33 IST">
          <reporter-output>
          </reporter-output>
        </test-method> <!-- TearDown -->
        <test-method status="PASS" signature="initialization(java.lang.String)[pri:0, instance:Com.Ecommerce.TestCases.TC_LoginDataTestCase@3b2cf7ab]" name="initialization" is-config="true" duration-ms="7805" started-at="2023-06-29T23:51:33 IST" finished-at="2023-06-29T23:51:41 IST">
          <params>
            <param index="0">
              <value>
                <![CDATA[Chrome]]>
              </value>
            </param>
          </params>
          <reporter-output>
          </reporter-output>
        </test-method> <!-- initialization -->
        <test-method status="PASS" signature="LoginData(java.lang.String,java.lang.String,java.lang.String)[pri:0, instance:Com.Ecommerce.TestCases.TC_LoginDataTestCase@3b2cf7ab]" name="LoginData" duration-ms="12248" started-at="2023-06-29T23:51:41 IST" data-provider="LoginData" finished-at="2023-06-29T23:51:53 IST">
          <params>
            <param index="0">
              <value>
                <![CDATA[DSS@gmail.com]]>
              </value>
            </param>
            <param index="1">
              <value>
                <![CDATA[SSSSSS]]>
              </value>
            </param>
            <param index="2">
              <value>
                <![CDATA[Invalid]]>
              </value>
            </param>
          </params>
          <reporter-output>
          </reporter-output>
        </test-method> <!-- LoginData -->
        <test-method status="PASS" signature="TearDown()[pri:0, instance:Com.Ecommerce.TestCases.TC_LoginDataTestCase@3b2cf7ab]" name="TearDown" is-config="true" duration-ms="113" started-at="2023-06-29T23:51:53 IST" finished-at="2023-06-29T23:51:54 IST">
          <reporter-output>
          </reporter-output>
        </test-method> <!-- TearDown -->
      </class> <!-- Com.Ecommerce.TestCases.TC_LoginDataTestCase -->
      <class name="Com.Ecommerce.TestCases.TC_AddToCart">
        <test-method status="PASS" signature="initialization(java.lang.String)[pri:0, instance:Com.Ecommerce.TestCases.TC_AddToCart@2c34f934]" name="initialization" is-config="true" duration-ms="9890" started-at="2023-06-29T23:48:47 IST" finished-at="2023-06-29T23:48:57 IST">
          <params>
            <param index="0">
              <value>
                <![CDATA[Chrome]]>
              </value>
            </param>
          </params>
          <reporter-output>
          </reporter-output>
        </test-method> <!-- initialization -->
        <test-method status="FAIL" signature="AddProduct()[pri:0, instance:Com.Ecommerce.TestCases.TC_AddToCart@2c34f934]" name="AddProduct" duration-ms="36569" started-at="2023-06-29T23:48:57 IST" finished-at="2023-06-29T23:49:33 IST">
          <exception class="org.openqa.selenium.NoSuchElementException">
            <message>
              <![CDATA[no such element: Unable to locate element: {"method":"xpath","selector":"(//a[@title="Show details for Apple MacBook Pro 13-inch"])[2]"}
  (Session info: chrome=114.0.5735.198)
For documentation on this error, please visit: https://selenium.dev/exceptions/#no_such_element
Build info: version: '4.9.1', revision: 'eb2032df7f'
System info: os.name: 'Mac OS X', os.arch: 'x86_64', os.version: '13.3.1', java.version: '1.8.0_341'
Driver info: org.openqa.selenium.chrome.ChromeDriver
Command: [ccb7b293ef53b5c6a4a125e9c17aa159, findElement {using=xpath, value=(//a[@title="Show details for Apple MacBook Pro 13-inch"])[2]}]
Capabilities {acceptInsecureCerts: false, browserName: chrome, browserVersion: 114.0.5735.198, chrome: {chromedriverVersion: 113.0.5672.63 (0e1a4471d5ae..., userDataDir: /var/folders/lr/yy6cc25x09d...}, goog:chromeOptions: {debuggerAddress: localhost:62926}, networkConnectionEnabled: false, pageLoadStrategy: normal, platformName: mac, proxy: Proxy(), se:cdp: ws://localhost:62926/devtoo..., se:cdpVersion: 114.0.5735.198, setWindowRect: true, strictFileInteractability: false, timeouts: {implicit: 0, pageLoad: 300000, script: 30000}, unhandledPromptBehavior: dismiss and notify, webauthn:extension:credBlob: true, webauthn:extension:largeBlob: true, webauthn:extension:minPinLength: true, webauthn:extension:prf: true, webauthn:virtualAuthenticators: true}
Session ID: ccb7b293ef53b5c6a4a125e9c17aa159]]>
            </message>
            <full-stacktrace>
              <![CDATA[org.openqa.selenium.NoSuchElementException: no such element: Unable to locate element: {"method":"xpath","selector":"(//a[@title="Show details for Apple MacBook Pro 13-inch"])[2]"}
  (Session info: chrome=114.0.5735.198)
For documentation on this error, please visit: https://selenium.dev/exceptions/#no_such_element
Build info: version: '4.9.1', revision: 'eb2032df7f'
System info: os.name: 'Mac OS X', os.arch: 'x86_64', os.version: '13.3.1', java.version: '1.8.0_341'
Driver info: org.openqa.selenium.chrome.ChromeDriver
Command: [ccb7b293ef53b5c6a4a125e9c17aa159, findElement {using=xpath, value=(//a[@title="Show details for Apple MacBook Pro 13-inch"])[2]}]
Capabilities {acceptInsecureCerts: false, browserName: chrome, browserVersion: 114.0.5735.198, chrome: {chromedriverVersion: 113.0.5672.63 (0e1a4471d5ae..., userDataDir: /var/folders/lr/yy6cc25x09d...}, goog:chromeOptions: {debuggerAddress: localhost:62926}, networkConnectionEnabled: false, pageLoadStrategy: normal, platformName: mac, proxy: Proxy(), se:cdp: ws://localhost:62926/devtoo..., se:cdpVersion: 114.0.5735.198, setWindowRect: true, strictFileInteractability: false, timeouts: {implicit: 0, pageLoad: 300000, script: 30000}, unhandledPromptBehavior: dismiss and notify, webauthn:extension:credBlob: true, webauthn:extension:largeBlob: true, webauthn:extension:minPinLength: true, webauthn:extension:prf: true, webauthn:virtualAuthenticators: true}
Session ID: ccb7b293ef53b5c6a4a125e9c17aa159
at sun.reflect.NativeConstructorAccessorImpl.newInstance0(Native Method)
at sun.reflect.NativeConstructorAccessorImpl.newInstance(NativeConstructorAccessorImpl.java:62)
at sun.reflect.DelegatingConstructorAccessorImpl.newInstance(DelegatingConstructorAccessorImpl.java:45)
at java.lang.reflect.Constructor.newInstance(Constructor.java:423)
at org.openqa.selenium.remote.codec.w3c.W3CHttpResponseCodec.createException(W3CHttpResponseCodec.java:200)
at org.openqa.selenium.remote.codec.w3c.W3CHttpResponseCodec.decode(W3CHttpResponseCodec.java:133)
at org.openqa.selenium.remote.codec.w3c.W3CHttpResponseCodec.decode(W3CHttpResponseCodec.java:53)
at org.openqa.selenium.remote.HttpCommandExecutor.execute(HttpCommandExecutor.java:193)
at org.openqa.selenium.remote.service.DriverCommandExecutor.invokeExecute(DriverCommandExecutor.java:183)
at org.openqa.selenium.remote.service.DriverCommandExecutor.execute(DriverCommandExecutor.java:158)
at org.openqa.selenium.remote.RemoteWebDriver.execute(RemoteWebDriver.java:543)
at org.openqa.selenium.remote.ElementLocation$ElementFinder$2.findElement(ElementLocation.java:162)
at org.openqa.selenium.remote.ElementLocation.findElement(ElementLocation.java:60)
at org.openqa.selenium.remote.RemoteWebDriver.findElement(RemoteWebDriver.java:352)
at org.openqa.selenium.remote.RemoteWebDriver.findElement(RemoteWebDriver.java:344)
at org.openqa.selenium.support.pagefactory.DefaultElementLocator.findElement(DefaultElementLocator.java:70)
at org.openqa.selenium.support.pagefactory.internal.LocatingElementHandler.invoke(LocatingElementHandler.java:39)
at com.sun.proxy.$Proxy16.click(Unknown Source)
at Com.Ecommerce.PageClass.TC_Ecommerce_AddToCart.SelectProduct(TC_Ecommerce_AddToCart.java:39)
at Com.Ecommerce.TestCases.TC_AddToCart.AddProduct(TC_AddToCart.java:43)
at sun.reflect.NativeMethodAccessorImpl.invoke0(Native Method)
at sun.reflect.NativeMethodAccessorImpl.invoke(NativeMethodAccessorImpl.java:62)
at sun.reflect.DelegatingMethodAccessorImpl.invoke(DelegatingMethodAccessorImpl.java:43)
at java.lang.reflect.Method.invoke(Method.java:498)
at org.testng.internal.MethodInvocationHelper.invokeMethod(MethodInvocationHelper.java:133)
at org.testng.internal.TestInvoker.invokeMethod(TestInvoker.java:598)
at org.testng.internal.TestInvoker.invokeTestMethod(TestInvoker.java:173)
at org.testng.internal.MethodRunner.runInSequence(MethodRunner.java:46)
at org.testng.internal.TestInvoker$MethodInvocationAgent.invoke(TestInvoker.java:824)
at org.testng.internal.TestInvoker.invokeTestMethods(TestInvoker.java:146)
at org.testng.internal.TestMethodWorker.invokeTestMethods(TestMethodWorker.java:146)
at org.testng.internal.TestMethodWorker.run(TestMethodWorker.java:128)
at java.util.ArrayList.forEach(ArrayList.java:1259)
at org.testng.TestRunner.privateRun(TestRunner.java:794)
at org.testng.TestRunner.run(TestRunner.java:596)
at org.testng.SuiteRunner.runTest(SuiteRunner.java:377)
at org.testng.SuiteRunner.runSequentially(SuiteRunner.java:371)
at org.testng.SuiteRunner.privateRun(SuiteRunner.java:332)
at org.testng.SuiteRunner.run(SuiteRunner.java:276)
at org.testng.SuiteRunnerWorker.runSuite(SuiteRunnerWorker.java:53)
at org.testng.SuiteRunnerWorker.run(SuiteRunnerWorker.java:96)
at org.testng.TestNG.runSuitesSequentially(TestNG.java:1212)
at org.testng.TestNG.runSuitesLocally(TestNG.java:1134)
at org.testng.TestNG.runSuites(TestNG.java:1063)
at org.testng.TestNG.run(TestNG.java:1031)
at org.testng.remote.AbstractRemoteTestNG.run(AbstractRemoteTestNG.java:115)
at org.testng.remote.RemoteTestNG.initAndRun(RemoteTestNG.java:251)
at org.testng.remote.RemoteTestNG.main(RemoteTestNG.java:77)
]]>
            </full-stacktrace>
          </exception> <!-- org.openqa.selenium.NoSuchElementException -->
          <reporter-output>
          </reporter-output>
        </test-method> <!-- AddProduct -->
        <test-method status="PASS" signature="TearDown()[pri:0, instance:Com.Ecommerce.TestCases.TC_AddToCart@2c34f934]" name="TearDown" is-config="true" duration-ms="117" started-at="2023-06-29T23:49:34 IST" finished-at="2023-06-29T23:49:34 IST">
          <reporter-output>
          </reporter-output>
        </test-method> <!-- TearDown -->
      </class> <!-- Com.Ecommerce.TestCases.TC_AddToCart -->
      <class name="Com.Ecommerce.TestCases.TC_NewRegistration">
        <test-method status="PASS" signature="initialization(java.lang.String)[pri:0, instance:Com.Ecommerce.TestCases.TC_NewRegistration@f2f2cc1]" name="initialization" is-config="true" duration-ms="9315" started-at="2023-06-29T23:49:34 IST" finished-at="2023-06-29T23:49:43 IST">
          <params>
            <param index="0">
              <value>
                <![CDATA[Chrome]]>
              </value>
            </param>
          </params>
          <reporter-output>
          </reporter-output>
        </test-method> <!-- initialization -->
        <test-method status="PASS" signature="Registration()[pri:0, instance:Com.Ecommerce.TestCases.TC_NewRegistration@f2f2cc1]" name="Registration" duration-ms="5231" started-at="2023-06-29T23:49:43 IST" finished-at="2023-06-29T23:49:49 IST">
          <reporter-output>
          </reporter-output>
        </test-method> <!-- Registration -->
        <test-method status="PASS" signature="TearDown()[pri:0, instance:Com.Ecommerce.TestCases.TC_NewRegistration@f2f2cc1]" name="TearDown" is-config="true" duration-ms="114" started-at="2023-06-29T23:49:49 IST" finished-at="2023-06-29T23:49:49 IST">
          <reporter-output>
          </reporter-output>
        </test-method> <!-- TearDown -->
      </class> <!-- Com.Ecommerce.TestCases.TC_NewRegistration -->
    </test> <!-- Test -->
  </suite> <!-- Suite -->
</testng-results>
